<?xml version="1.0" encoding="UTF-8"?>
<!-- Generated by org.testng.reporters.JUnitXMLReporter -->
<testsuite ignored="0" hostname="LIN-5CG134B5MD" failures="1" tests="1" name="Default test" time="12.726" errors="0" timestamp="2024-04-17T15:04:40 IST">
  <testcase classname="io.cucumber.testng.AbstractTestNGCucumberTests" name="runScenario" time="11.591">
    <failure type="java.lang.AssertionError" message="expected [true] but found [false]">
      <![CDATA[java.lang.AssertionError: expected [true] but found [false]
at org.testng.Assert.fail(Assert.java:111)
at org.testng.Assert.failNotEquals(Assert.java:1578)
at org.testng.Assert.assertTrue(Assert.java:57)
at org.testng.Assert.assertTrue(Assert.java:67)
at MbStepDefinition.DefectStep_Definition.report_will_be_open_on_another_page(DefectStep_Definition.java:44)
at ✽.Report will be open on another page(file:///C:/Users/RSHARM31/.eclipse/Homeloans/src/test/resource/MbFeatures/Defect.feature:8)
]]>
    </failure>
  </testcase> <!-- runScenario -->
</testsuite> <!-- Default test -->
